<?xml version="1.0" encoding="UTF-8"?>
<!-- Generated by org.testng.reporters.JUnitReportReporter -->
<testsuite hostname="DESKTOP-1BCP3Q1" failures="0" tests="1" name="runners.TestRunner" time="2.882" errors="0" timestamp="2024-07-25T01:54:02 IST" skipped="0">
  <testcase classname="runners.TestRunner" name="runScenario" time="2.882"/>
  <system-out/>
</testsuite> <!-- runners.TestRunner -->
